生成启动时间为 2016/8/6 9:51:30。
     1>项目“D:\Workspace\VS_Workspace\Velodyne_player\src\player.vcxproj”在节点 2 上(Build 个目标)。
     1>ClCompile:
         S:\Microsoft\Microsoft Visual Studio 12.0\VC\bin\CL.exe /c /I.\3rdparty\lcm\include /I.\3rdparty\WpdPack\Include /I"S:\GTK\include\glib-2.0" /I"S:\GTK\lib\glib-2.0\include" /ZI /nologo /W3 /WX- /Od /Oy- /D USE_HDL_64E_ /D WIN32 /D _WINDOWS /D _DEBUG /D _CRT_SECURE_NO_WARNINGS /D _USE_MATH_DEFINES /D _AFXDLL /Gm /EHsc /RTC1 /MDd /GS /fp:precise /Zc:wchar_t /Zc:forScope /Yc"stdafx.h" /Fp"Debug\Velodyne_player.pch" /Fo"Debug\\" /Fd"Debug\vc120.pdb" /Gd /TP /analyze- /errorReport:prompt stdafx.cpp
         stdafx.cpp
         S:\Microsoft\Microsoft Visual Studio 12.0\VC\bin\CL.exe /c /I.\3rdparty\lcm\include /I.\3rdparty\WpdPack\Include /I"S:\GTK\include\glib-2.0" /I"S:\GTK\lib\glib-2.0\include" /ZI /nologo /W3 /WX- /Od /Oy- /D USE_HDL_64E_ /D WIN32 /D _WINDOWS /D _DEBUG /D _CRT_SECURE_NO_WARNINGS /D _USE_MATH_DEFINES /D _AFXDLL /Gm /EHsc /RTC1 /MDd /GS /fp:precise /Zc:wchar_t /Zc:forScope /Yu"stdafx.h" /Fp"Debug\Velodyne_player.pch" /Fo"Debug\\" /Fd"Debug\vc120.pdb" /Gd /TP /analyze- /errorReport:prompt LCMPlayer.cpp player.cpp playerDlg.cpp VelodyneDriver.cpp VeloPlayer.cpp
         VeloPlayer.cpp
     1>d:\workspace\vs_workspace\velodyne_player\src\velodynedriver.h(28): warning C4005: “PKT_NUM_IN_CIRCLE_LOWER_BOUND”: 宏重定义
                 d:\workspace\vs_workspace\velodyne_player\src\velodynedriver.h(23) : 参见“PKT_NUM_IN_CIRCLE_LOWER_BOUND”的前一个定义
     1>d:\workspace\vs_workspace\velodyne_player\src\veloplayer.cpp(63): warning C4996: 'inet_addr': Use inet_pton() or InetPton() instead or define _WINSOCK_DEPRECATED_NO_WARNINGS to disable deprecated API warnings
                 c:\program files (x86)\windows kits\8.1\include\um\winsock2.h(1850) : 参见“inet_addr”的声明
     1>d:\workspace\vs_workspace\velodyne_player\src\veloplayer.cpp(92): warning C4996: 'inet_addr': Use inet_pton() or InetPton() instead or define _WINSOCK_DEPRECATED_NO_WARNINGS to disable deprecated API warnings
                 c:\program files (x86)\windows kits\8.1\include\um\winsock2.h(1850) : 参见“inet_addr”的声明
     1>d:\workspace\vs_workspace\velodyne_player\src\veloplayer.cpp(192): warning C4244: “=”: 从“int64_t”转换到“long”，可能丢失数据
     1>d:\workspace\vs_workspace\velodyne_player\src\veloplayer.cpp(286): warning C4244: “参数”: 从“int64_t”转换到“unsigned int”，可能丢失数据
     1>d:\workspace\vs_workspace\velodyne_player\src\veloplayer.cpp(415): warning C4244: “=”: 从“std::streamoff”转换到“unsigned int”，可能丢失数据
     1>d:\workspace\vs_workspace\velodyne_player\src\veloplayer.cpp(435): warning C4244: “=”: 从“std::streamoff”转换到“unsigned int”，可能丢失数据
     1>d:\workspace\vs_workspace\velodyne_player\src\veloplayer.cpp(517): warning C4244: “参数”: 从“int64_t”转换到“unsigned int”，可能丢失数据
     1>d:\workspace\vs_workspace\velodyne_player\src\veloplayer.cpp(524): warning C4244: “参数”: 从“int64_t”转换到“unsigned int”，可能丢失数据
     1>d:\workspace\vs_workspace\velodyne_player\src\veloplayer.cpp(531): warning C4244: “参数”: 从“int64_t”转换到“unsigned int”，可能丢失数据
     1>d:\workspace\vs_workspace\velodyne_player\src\veloplayer.cpp(533): warning C4244: “参数”: 从“int64_t”转换到“unsigned int”，可能丢失数据
         VelodyneDriver.cpp
     1>d:\workspace\vs_workspace\velodyne_player\src\velodynedriver.h(28): warning C4005: “PKT_NUM_IN_CIRCLE_LOWER_BOUND”: 宏重定义
                 d:\workspace\vs_workspace\velodyne_player\src\velodynedriver.h(23) : 参见“PKT_NUM_IN_CIRCLE_LOWER_BOUND”的前一个定义
         playerDlg.cpp
     1>d:\workspace\vs_workspace\velodyne_player\src\velodynedriver.h(28): warning C4005: “PKT_NUM_IN_CIRCLE_LOWER_BOUND”: 宏重定义
                 d:\workspace\vs_workspace\velodyne_player\src\velodynedriver.h(23) : 参见“PKT_NUM_IN_CIRCLE_LOWER_BOUND”的前一个定义
     1>d:\workspace\vs_workspace\velodyne_player\src\playerdlg.cpp(253): warning C4244: “参数”: 从“int64_t”转换到“int”，可能丢失数据
     1>d:\workspace\vs_workspace\velodyne_player\src\playerdlg.cpp(254): warning C4244: “参数”: 从“int64_t”转换到“int”，可能丢失数据
     1>d:\workspace\vs_workspace\velodyne_player\src\playerdlg.cpp(292): warning C4244: “参数”: 从“int64_t”转换到“int”，可能丢失数据
     1>d:\workspace\vs_workspace\velodyne_player\src\playerdlg.cpp(293): warning C4244: “参数”: 从“int64_t”转换到“int”，可能丢失数据
     1>d:\workspace\vs_workspace\velodyne_player\src\playerdlg.cpp(365): warning C4244: “参数”: 从“int64_t”转换到“int”，可能丢失数据
     1>d:\workspace\vs_workspace\velodyne_player\src\playerdlg.cpp(387): warning C4244: “参数”: 从“int64_t”转换到“int”，可能丢失数据
     1>d:\workspace\vs_workspace\velodyne_player\src\playerdlg.cpp(461): warning C4244: “参数”: 从“int64_t”转换到“int”，可能丢失数据
     1>d:\workspace\vs_workspace\velodyne_player\src\playerdlg.cpp(511): warning C4996: 'mkdir': The POSIX name for this item is deprecated. Instead, use the ISO C++ conformant name: _mkdir. See online help for details.
                 s:\microsoft\microsoft visual studio 12.0\vc\include\direct.h(140) : 参见“mkdir”的声明
         player.cpp
     1>d:\workspace\vs_workspace\velodyne_player\src\velodynedriver.h(28): warning C4005: “PKT_NUM_IN_CIRCLE_LOWER_BOUND”: 宏重定义
                 d:\workspace\vs_workspace\velodyne_player\src\velodynedriver.h(23) : 参见“PKT_NUM_IN_CIRCLE_LOWER_BOUND”的前一个定义
         LCMPlayer.cpp
     1>d:\workspace\vs_workspace\velodyne_player\src\lcmplayer.cpp(60): warning C4244: “=”: 从“int64_t”转换到“long”，可能丢失数据
     1>d:\workspace\vs_workspace\velodyne_player\src\lcmplayer.cpp(113): warning C4996: 'inet_addr': Use inet_pton() or InetPton() instead or define _WINSOCK_DEPRECATED_NO_WARNINGS to disable deprecated API warnings
                 c:\program files (x86)\windows kits\8.1\include\um\winsock2.h(1850) : 参见“inet_addr”的声明
     1>d:\workspace\vs_workspace\velodyne_player\src\lcmplayer.cpp(137): warning C4996: 'inet_addr': Use inet_pton() or InetPton() instead or define _WINSOCK_DEPRECATED_NO_WARNINGS to disable deprecated API warnings
                 c:\program files (x86)\windows kits\8.1\include\um\winsock2.h(1850) : 参见“inet_addr”的声明
     1>d:\workspace\vs_workspace\velodyne_player\src\lcmplayer.cpp(166): warning C4996: 'inet_addr': Use inet_pton() or InetPton() instead or define _WINSOCK_DEPRECATED_NO_WARNINGS to disable deprecated API warnings
                 c:\program files (x86)\windows kits\8.1\include\um\winsock2.h(1850) : 参见“inet_addr”的声明
     1>d:\workspace\vs_workspace\velodyne_player\src\lcmplayer.cpp(310): warning C4996: 'strdup': The POSIX name for this item is deprecated. Instead, use the ISO C++ conformant name: _strdup. See online help for details.
                 s:\microsoft\microsoft visual studio 12.0\vc\include\string.h(245) : 参见“strdup”的声明
     1>d:\workspace\vs_workspace\velodyne_player\src\lcmplayer.cpp(384): warning C4244: “参数”: 从“int64_t”转换到“unsigned int”，可能丢失数据
         正在生成代码...
       Link:
         S:\Microsoft\Microsoft Visual Studio 12.0\VC\bin\link.exe /ERRORREPORT:PROMPT /OUT:"D:\Workspace\VS_Workspace\Velodyne_player\\Debug\Velodyne_player.exe" /INCREMENTAL /NOLOGO /LIBPATH:.\3rdparty\lcm\lib /LIBPATH:S:\GTK\lib lcm.lib "glib-2.0.lib" "gthread-2.0.lib" /MANIFEST /MANIFESTUAC:"level='asInvoker' uiAccess='false'" /manifest:embed /manifestinput:"S:\Microsoft\Microsoft Visual Studio 12.0\VC\Include\Manifest\dpiaware.manifest" /DEBUG /PDB:"D:\Workspace\VS_Workspace\Velodyne_player\\Debug\Velodyne_player.pdb" /SUBSYSTEM:WINDOWS /TLBID:1 /DYNAMICBASE /NXCOMPAT /IMPLIB:"D:\Workspace\VS_Workspace\Velodyne_player\\Debug\Velodyne_player.lib" /MACHINE:X86 /SAFESEH Debug\player.res
         Debug\LCMPlayer.obj
         Debug\player.obj
         Debug\playerDlg.obj
         Debug\stdafx.obj
         Debug\VelodyneDriver.obj
         Debug\VeloPlayer.obj
         player.vcxproj -> D:\Workspace\VS_Workspace\Velodyne_player\\Debug\Velodyne_player.exe
     1>已完成生成项目“D:\Workspace\VS_Workspace\Velodyne_player\src\player.vcxproj”(Build 个目标)的操作。

生成成功。

已用时间 00:00:12.57
