d:\workspace\vs_workspace\velodyne_player\src\debug\velodyne_player.pch
d:\workspace\vs_workspace\velodyne_player\src\debug\vc120.pdb
d:\workspace\vs_workspace\velodyne_player\src\debug\vc120.idb
d:\workspace\vs_workspace\velodyne_player\src\debug\stdafx.obj
d:\workspace\vs_workspace\velodyne_player\src\debug\lcmplayer.obj
d:\workspace\vs_workspace\velodyne_player\src\debug\player.obj
d:\workspace\vs_workspace\velodyne_player\src\debug\playerdlg.obj
d:\workspace\vs_workspace\velodyne_player\src\debug\velodynedriver.obj
d:\workspace\vs_workspace\velodyne_player\src\debug\veloplayer.obj
d:\workspace\vs_workspace\velodyne_player\debug\velodyne_player.ilk
d:\workspace\vs_workspace\velodyne_player\debug\velodyne_player.exe
d:\workspace\vs_workspace\velodyne_player\debug\velodyne_player.pdb
d:\workspace\vs_workspace\velodyne_player\src\debug\player.res
d:\workspace\vs_workspace\velodyne_player\\debug\velodyne_player.pdb
d:\workspace\vs_workspace\velodyne_player\\debug\velodyne_player.exe
d:\workspace\vs_workspace\velodyne_player\\debug\velodyne_player.ilk
d:\workspace\vs_workspace\velodyne_player\src\debug\velodyne_player.tlog\cl.command.1.tlog
d:\workspace\vs_workspace\velodyne_player\src\debug\velodyne_player.tlog\cl.read.1.tlog
d:\workspace\vs_workspace\velodyne_player\src\debug\velodyne_player.tlog\cl.write.1.tlog
d:\workspace\vs_workspace\velodyne_player\src\debug\velodyne_player.tlog\link.command.1.tlog
d:\workspace\vs_workspace\velodyne_player\src\debug\velodyne_player.tlog\link.read.1.tlog
d:\workspace\vs_workspace\velodyne_player\src\debug\velodyne_player.tlog\link.write.1.tlog
d:\workspace\vs_workspace\velodyne_player\src\debug\velodyne_player.tlog\rc.command.1.tlog
d:\workspace\vs_workspace\velodyne_player\src\debug\velodyne_player.tlog\rc.read.1.tlog
d:\workspace\vs_workspace\velodyne_player\src\debug\velodyne_player.tlog\rc.write.1.tlog
